<?xml version="1.0" encoding="UTF-8"?>
<testsuite xmlns:xsi="http://www.w3.org/2001/XMLSchema-instance" xsi:schemaLocation="https://maven.apache.org/surefire/maven-surefire-plugin/xsd/surefire-test-report.xsd" name="com.oracle.examples.weather.MainTest" time="0.439" tests="1" errors="1" skipped="0" failures="0">
  <properties>
[...]
</properties>
  <testcase name="com.oracle.examples.weather.MainTest" classname="com.oracle.examples.weather.MainTest" time="0.438">
    <error message="Unresolved compilation problems: &#10;	MetricsSupport cannot be resolved to a type&#10;	MetricsSupport cannot be resolved&#10;	MetricRegistry cannot be resolved to a type&#10;	RegistryFactory cannot be resolved&#10;	MetricRegistry cannot be resolved to a variable&#10;	req cannot be resolved to a variable&#10;	res cannot be resolved to a variable&#10;" type="java.lang.Error">java.lang.Error: 
Unresolved compilation problems: 
	MetricsSupport cannot be resolved to a type
	MetricsSupport cannot be resolved
	MetricRegistry cannot be resolved to a type
	RegistryFactory cannot be resolved
	MetricRegistry cannot be resolved to a variable
	req cannot be resolved to a variable
	res cannot be resolved to a variable

	at com.oracle.examples.weather.MainTest.startTheServer(MainTest.java:40)
</error>
    <system-out><![CDATA[[DEBUG] (main) Using Console logging
]]></system-out>
  </testcase>
</testsuite>